

=== Session started: 2025-06-07 18:35:31 ===
[2025-06-07 18:35:31] 
Iniciando descarga de logos para 30 equipos...
[2025-06-07 18:35:31] ✓ ATL: Ya existe (svg)
[2025-06-07 18:35:33] ✓ BOS: Ya existe (svg)
[2025-06-07 18:35:34] ✓ BKN: Ya existe (svg)
[2025-06-07 18:35:36] ✓ CHA: Ya existe (svg)
[2025-06-07 18:35:37] ✓ CHI: Ya existe (svg)
[2025-06-07 18:35:39] ✓ CLE: Ya existe (svg)
[2025-06-07 18:35:40] ✓ DAL: Ya existe (svg)
[2025-06-07 18:35:42] ✓ DEN: Ya existe (svg)
[2025-06-07 18:35:43] ✓ DET: Ya existe (svg)
[2025-06-07 18:35:45] ✓ GSW: Ya existe (svg)


=== Session started: 2025-06-07 18:36:03 ===
[2025-06-07 18:36:03] 
Iniciando descarga de logos para 30 equipos...
[2025-06-07 18:36:03] ✓ ATL: Descargado (svg from cdn.nba.com)
[2025-06-07 18:36:05] ✓ BOS: Descargado (svg from cdn.nba.com)
[2025-06-07 18:36:06] ✓ BKN: Descargado (svg from cdn.nba.com)
[2025-06-07 18:36:08] ✓ CHA: Descargado (svg from cdn.nba.com)
[2025-06-07 18:36:10] ✓ CHI: Descargado (svg from cdn.nba.com)
[2025-06-07 18:36:12] ✓ CLE: Descargado (svg from cdn.nba.com)
[2025-06-07 18:36:13] ✓ DAL: Descargado (svg from cdn.nba.com)
[2025-06-07 18:36:15] ✓ DEN: Descargado (svg from cdn.nba.com)
[2025-06-07 18:36:17] ✓ DET: Descargado (svg from cdn.nba.com)
[2025-06-07 18:36:18] ✓ GSW: Descargado (svg from cdn.nba.com)
[2025-06-07 18:36:20] ✓ HOU: Descargado (svg from cdn.nba.com)
[2025-06-07 18:36:22] ✓ IND: Descargado (svg from cdn.nba.com)
[2025-06-07 18:36:24] ✓ LAC: Descargado (svg from cdn.nba.com)
[2025-06-07 18:36:25] ✓ LAL: Descargado (svg from cdn.nba.com)
[2025-06-07 18:36:27] ✓ MEM: Descargado (svg from cdn.nba.com)
[2025-06-07 18:36:29] ✓ MIA: Descargado (svg from cdn.nba.com)
[2025-06-07 18:36:30] ✓ MIL: Descargado (svg from cdn.nba.com)
[2025-06-07 18:36:32] ✓ MIN: Descargado (svg from cdn.nba.com)
[2025-06-07 18:36:34] ✓ NOP: Descargado (svg from cdn.nba.com)
[2025-06-07 18:36:35] ✓ NYK: Descargado (svg from cdn.nba.com)
[2025-06-07 18:36:37] ✓ OKC: Descargado (svg from cdn.nba.com)
[2025-06-07 18:36:39] ✓ ORL: Descargado (svg from cdn.nba.com)
[2025-06-07 18:36:40] ✓ PHI: Descargado (svg from cdn.nba.com)
[2025-06-07 18:36:42] ✓ PHX: Descargado (svg from cdn.nba.com)
[2025-06-07 18:36:44] ✓ POR: Descargado (svg from cdn.nba.com)
[2025-06-07 18:36:45] ✓ SAC: Descargado (svg from cdn.nba.com)
[2025-06-07 18:36:47] ✓ SAS: Descargado (svg from cdn.nba.com)
[2025-06-07 18:36:49] ✓ TOR: Descargado (svg from cdn.nba.com)
[2025-06-07 18:36:50] ✓ UTA: Descargado (svg from cdn.nba.com)
[2025-06-07 18:36:52] ✓ WAS: Descargado (svg from cdn.nba.com)
[2025-06-07 18:36:53] 
==================================================
[2025-06-07 18:36:53]                   RESUMEN FINAL                   
[2025-06-07 18:36:53] ==================================================
[2025-06-07 18:36:53] Equipos procesados: 30
[2025-06-07 18:36:53] Logos descargados: 30/30
[2025-06-07 18:36:53] ==================================================
